Build started 10/24/2015 7:34:57 PM.
     1>Project "C:\Users\ryan.slipetz\Desktop\C++\UltraGrep\UltraGrep\UltraGrep.vcxproj" on node 2 (Build target(s)).
     1>ClCompile:
         C:\Program Files (x86)\Microsoft Visual Studio 14.0\VC\bin\CL.exe /c /Zi /nologo /W3 /WX- /O2 /Oi /Oy- /GL /D WIN32 /D NDEBUG /D _CONSOLE /D _UNICODE /D UNICODE /Gm- /EHsc /MD /GS /Gy /fp:precise /Zc:wchar_t /Zc:forScope /Zc:inline /Fo"Release\\" /Fd"Release\vc140.pdb" /Gd /TP /analyze- /errorReport:prompt maintest.cpp
         maintest.cpp
       Link:
         C:\Program Files (x86)\Microsoft Visual Studio 14.0\VC\bin\link.exe /ERRORREPORT:PROMPT /OUT:"C:\Users\ryan.slipetz\Desktop\C++\UltraGrep\Release\UltraGrep.exe" /INCREMENTAL:NO /NOLOGO kernel32.lib user32.lib gdi32.lib winspool.lib comdlg32.lib advapi32.lib shell32.lib ole32.lib oleaut32.lib uuid.lib odbc32.lib odbccp32.lib /MANIFEST /MANIFESTUAC:"level='asInvoker' uiAccess='false'" /manifest:embed /Debug /PDB:"C:\Users\ryan.slipetz\Desktop\C++\UltraGrep\Release\UltraGrep.pdb" /SUBSYSTEM:CONSOLE /OPT:REF /OPT:ICF /LTCG:incremental /TLBID:1 /DYNAMICBASE /NXCOMPAT /IMPLIB:"C:\Users\ryan.slipetz\Desktop\C++\UltraGrep\Release\UltraGrep.lib" /MACHINE:X86 /SAFESEH Release\CommandArgumentValidator.obj
         Release\DirectoryWorker.obj
         Release\FileWorker.obj
         Release\maintest.obj
         Release\ThreadPool.obj
         Release\WorkerFactory.obj
         Generating code
         4 of 3020 functions ( 0.1%) were compiled, the rest were copied from previous compilation.
           3 functions were new in current compilation
           22 functions had inline decision re-evaluated but remain unchanged
         Finished generating code
         UltraGrep.vcxproj -> C:\Users\ryan.slipetz\Desktop\C++\UltraGrep\Release\UltraGrep.exe
     1>Done Building Project "C:\Users\ryan.slipetz\Desktop\C++\UltraGrep\UltraGrep\UltraGrep.vcxproj" (Build target(s)).

Build succeeded.

Time Elapsed 00:00:03.16
