Build started 11/4/2015 9:12:48 AM.
     1>Project "C:\Users\ryan.slipetz\Desktop\C++\UltraGrep\UltraGrep - Win32\UltraGrep - Win32.vcxproj" on node 2 (Build target(s)).
     1>ClCompile:
         C:\Program Files (x86)\Microsoft Visual Studio 14.0\VC\bin\CL.exe /c /Zi /nologo /W3 /WX- /O2 /Oi /Oy- /GL /D WIN32 /D NDEBUG /D _CONSOLE /D _UNICODE /D UNICODE /Gm- /EHsc /MD /GS /Gy /fp:precise /Zc:wchar_t /Zc:forScope /Zc:inline /Fo"Release\\" /Fd"Release\vc140.pdb" /Gd /TP /analyze- /errorReport:prompt W32ThreadPool.cpp main.cpp
         W32ThreadPool.cpp
         main.cpp
       Link:
         C:\Program Files (x86)\Microsoft Visual Studio 14.0\VC\bin\link.exe /ERRORREPORT:PROMPT /OUT:"C:\Users\ryan.slipetz\Desktop\C++\UltraGrep\Release\UltraGrep - Win32.exe" /INCREMENTAL:NO /NOLOGO kernel32.lib user32.lib gdi32.lib winspool.lib comdlg32.lib advapi32.lib shell32.lib ole32.lib oleaut32.lib uuid.lib odbc32.lib odbccp32.lib /MANIFEST /MANIFESTUAC:"level='asInvoker' uiAccess='false'" /manifest:embed /Debug /PDB:"C:\Users\ryan.slipetz\Desktop\C++\UltraGrep\Release\UltraGrep - Win32.pdb" /SUBSYSTEM:CONSOLE /OPT:REF /OPT:ICF /LTCG:incremental /TLBID:1 /DYNAMICBASE /NXCOMPAT /IMPLIB:"C:\Users\ryan.slipetz\Desktop\C++\UltraGrep\Release\UltraGrep - Win32.lib" /MACHINE:X86 /SAFESEH Release\CommandArgumentValidator.obj
         Release\DirectoryWorker.obj
         Release\FileWorker.obj
         Release\main.obj
         Release\W32Logger.obj
         Release\W32ThreadPool.obj
         Release\WorkerFactory.obj
         Generating code
         10 of 1932 functions ( 0.5%) were compiled, the rest were copied from previous compilation.
           0 functions were new in current compilation
           16 functions had inline decision re-evaluated but remain unchanged
         Finished generating code
         UltraGrep - Win32.vcxproj -> C:\Users\ryan.slipetz\Desktop\C++\UltraGrep\Release\UltraGrep - Win32.exe
     1>Done Building Project "C:\Users\ryan.slipetz\Desktop\C++\UltraGrep\UltraGrep - Win32\UltraGrep - Win32.vcxproj" (Build target(s)).

Build succeeded.

Time Elapsed 00:00:03.07
